[0.883s] Invoking command in '/root/workspace/ros2_ws/src/bad_guy_detector': PYTHONPATH=/root/workspace/ros2_ws/build/bad_guy_detector/prefix_override:/usr/lib/python3/dist-packages/colcon_core/task/python/colcon_distutils_commands:/root/workspace/ros2_ws/install/bad_guy_detector/lib/python3.12/site-packages:${PYTHONPATH} /usr/bin/python3 -W ignore:setup.py install is deprecated -W ignore:easy_install command is deprecated setup.py egg_info --egg-base ../../build/bad_guy_detector build --build-base /root/workspace/ros2_ws/build/bad_guy_detector/build install --record /root/workspace/ros2_ws/build/bad_guy_detector/install.log --single-version-externally-managed install_data
[1.135s] running egg_info
[1.136s] creating ../../build/bad_guy_detector/bad_guy_detector.egg-info
[1.149s] writing ../../build/bad_guy_detector/bad_guy_detector.egg-info/PKG-INFO
[1.150s] writing dependency_links to ../../build/bad_guy_detector/bad_guy_detector.egg-info/dependency_links.txt
[1.150s] writing entry points to ../../build/bad_guy_detector/bad_guy_detector.egg-info/entry_points.txt
[1.150s] writing requirements to ../../build/bad_guy_detector/bad_guy_detector.egg-info/requires.txt
[1.150s] writing top-level names to ../../build/bad_guy_detector/bad_guy_detector.egg-info/top_level.txt
[1.150s] writing manifest file '../../build/bad_guy_detector/bad_guy_detector.egg-info/SOURCES.txt'
[1.180s] reading manifest file '../../build/bad_guy_detector/bad_guy_detector.egg-info/SOURCES.txt'
[1.181s] writing manifest file '../../build/bad_guy_detector/bad_guy_detector.egg-info/SOURCES.txt'
[1.181s] running build
[1.181s] running build_py
[1.181s] creating /root/workspace/ros2_ws/build/bad_guy_detector/build
[1.181s] creating /root/workspace/ros2_ws/build/bad_guy_detector/build/lib
[1.181s] creating /root/workspace/ros2_ws/build/bad_guy_detector/build/lib/bad_guy_detector
[1.182s] copying bad_guy_detector/subscriber.py -> /root/workspace/ros2_ws/build/bad_guy_detector/build/lib/bad_guy_detector
[1.182s] copying bad_guy_detector/publisher.py -> /root/workspace/ros2_ws/build/bad_guy_detector/build/lib/bad_guy_detector
[1.182s] copying bad_guy_detector/__init__.py -> /root/workspace/ros2_ws/build/bad_guy_detector/build/lib/bad_guy_detector
[1.182s] running install
[1.193s] running install_lib
[1.206s] creating /root/workspace/ros2_ws/install/bad_guy_detector/lib/python3.12/site-packages/bad_guy_detector
[1.206s] copying /root/workspace/ros2_ws/build/bad_guy_detector/build/lib/bad_guy_detector/subscriber.py -> /root/workspace/ros2_ws/install/bad_guy_detector/lib/python3.12/site-packages/bad_guy_detector
[1.206s] copying /root/workspace/ros2_ws/build/bad_guy_detector/build/lib/bad_guy_detector/publisher.py -> /root/workspace/ros2_ws/install/bad_guy_detector/lib/python3.12/site-packages/bad_guy_detector
[1.207s] copying /root/workspace/ros2_ws/build/bad_guy_detector/build/lib/bad_guy_detector/__init__.py -> /root/workspace/ros2_ws/install/bad_guy_detector/lib/python3.12/site-packages/bad_guy_detector
[1.207s] byte-compiling /root/workspace/ros2_ws/install/bad_guy_detector/lib/python3.12/site-packages/bad_guy_detector/subscriber.py to subscriber.cpython-312.pyc
[1.208s] byte-compiling /root/workspace/ros2_ws/install/bad_guy_detector/lib/python3.12/site-packages/bad_guy_detector/publisher.py to publisher.cpython-312.pyc
[1.209s] byte-compiling /root/workspace/ros2_ws/install/bad_guy_detector/lib/python3.12/site-packages/bad_guy_detector/__init__.py to __init__.cpython-312.pyc
[1.210s] running install_data
[1.210s] creating /root/workspace/ros2_ws/install/bad_guy_detector/share/ament_index
[1.210s] creating /root/workspace/ros2_ws/install/bad_guy_detector/share/ament_index/resource_index
[1.210s] creating /root/workspace/ros2_ws/install/bad_guy_detector/share/ament_index/resource_index/packages
[1.210s] copying resource/bad_guy_detector -> /root/workspace/ros2_ws/install/bad_guy_detector/share/ament_index/resource_index/packages
[1.210s] copying package.xml -> /root/workspace/ros2_ws/install/bad_guy_detector/share/bad_guy_detector
[1.210s] running install_egg_info
[1.227s] Copying ../../build/bad_guy_detector/bad_guy_detector.egg-info to /root/workspace/ros2_ws/install/bad_guy_detector/lib/python3.12/site-packages/bad_guy_detector-0.0.0-py3.12.egg-info
[1.228s] running install_scripts
[1.337s] Installing cam script to /root/workspace/ros2_ws/install/bad_guy_detector/lib/bad_guy_detector
[1.338s] Installing detector script to /root/workspace/ros2_ws/install/bad_guy_detector/lib/bad_guy_detector
[1.338s] writing list of installed files to '/root/workspace/ros2_ws/build/bad_guy_detector/install.log'
[1.403s] Invoked command in '/root/workspace/ros2_ws/src/bad_guy_detector' returned '0': PYTHONPATH=/root/workspace/ros2_ws/build/bad_guy_detector/prefix_override:/usr/lib/python3/dist-packages/colcon_core/task/python/colcon_distutils_commands:/root/workspace/ros2_ws/install/bad_guy_detector/lib/python3.12/site-packages:${PYTHONPATH} /usr/bin/python3 -W ignore:setup.py install is deprecated -W ignore:easy_install command is deprecated setup.py egg_info --egg-base ../../build/bad_guy_detector build --build-base /root/workspace/ros2_ws/build/bad_guy_detector/build install --record /root/workspace/ros2_ws/build/bad_guy_detector/install.log --single-version-externally-managed install_data
